# JRE version: Java(TM) SE Runtime Environment (19.0.2+7) (build 19.0.2+7-44)
# Java VM: Java HotSpot(TM) 64-Bit Server VM (19.0.2+7-44, mixed mode, sharing, tiered, compressed oops, compressed class ptrs, g1 gc, windows-amd64)
GC Precious Log:
 CardTable entry size: 512
 Card Set container configuration: InlinePtr #cards 5 size 8 Array Of Cards #cards 12 size 40 Howl #buckets 4 coarsen threshold 1843 Howl Bitmap #cards 512 size 80 coarsen threshold 460 Card regions per heap region 1 cards per card region 2048
 CPUs: 4 total, 4 available
 Memory: 16277M
 Large Page Support: Disabled
 NUMA Support: Disabled
 Compressed Oops: Enabled (32-bit)
 Heap Region Size: 1M
 Heap Min Capacity: 8M
 Heap Initial Capacity: 256M
 Heap Max Capacity: 2G
 Pre-touch: Disabled
 Parallel Workers: 4
 Concurrent Workers: 1
 Concurrent Refinement Workers: 4
 Periodic GC: Disabled
Heap:
 garbage-first heap   total 422912K, used 358682K [0x0000000080000000, 0x0000000100000000)
  region size 1024K, 39 young (39936K), 2 survivors (2048K)
 Metaspace       used 113159K, committed 116032K, reserved 552960K
  class space    used 15381K, committed 16768K, reserved 421888K
GC Heap History (20 events):
Event: 95.634 GC heap before
{Heap before GC invocations=53 (full 0):
 garbage-first heap   total 422912K, used 339968K [0x0000000080000000, 0x0000000100000000)
  region size 1024K, 92 young (94208K), 13 survivors (13312K)
 Metaspace       used 111061K, committed 113920K, reserved 552960K
  class space    used 15183K, committed 16576K, reserved 421888K
}
Event: 95.671 GC heap after
{Heap after GC invocations=54 (full 0):
 garbage-first heap   total 422912K, used 269824K [0x0000000080000000, 0x0000000100000000)
  region size 1024K, 12 young (12288K), 12 survivors (12288K)
 Metaspace       used 111061K, committed 113920K, reserved 552960K
  class space    used 15183K, committed 16576K, reserved 421888K
}
Event: 97.014 GC heap before
{Heap before GC invocations=54 (full 0):
 garbage-first heap   total 422912K, used 344576K [0x0000000080000000, 0x0000000100000000)
  region size 1024K, 85 young (87040K), 12 survivors (12288K)
 Metaspace       used 111237K, committed 114048K, reserved 552960K
  class space    used 15185K, committed 16576K, reserved 421888K
}
Event: 97.044 GC heap after
{Heap after GC invocations=55 (full 0):
 garbage-first heap   total 422912K, used 279040K [0x0000000080000000, 0x0000000100000000)
  region size 1024K, 10 young (10240K), 10 survivors (10240K)
 Metaspace       used 111237K, committed 114048K, reserved 552960K
  class space    used 15185K, committed 16576K, reserved 421888K
}
Event: 98.078 GC heap before
{Heap before GC invocations=55 (full 0):
 garbage-first heap   total 422912K, used 348672K [0x0000000080000000, 0x0000000100000000)
  region size 1024K, 78 young (79872K), 10 survivors (10240K)
 Metaspace       used 111446K, committed 114240K, reserved 552960K
  class space    used 15202K, committed 16576K, reserved 421888K
}
Event: 98.103 GC heap after
{Heap after GC invocations=56 (full 0):
 garbage-first heap   total 422912K, used 289203K [0x0000000080000000, 0x0000000100000000)
  region size 1024K, 10 young (10240K), 10 survivors (10240K)
 Metaspace       used 111446K, committed 114240K, reserved 552960K
  class space    used 15202K, committed 16576K, reserved 421888K
}
Event: 99.180 GC heap before
{Heap before GC invocations=56 (full 0):
 garbage-first heap   total 422912K, used 351667K [0x0000000080000000, 0x0000000100000000)
  region size 1024K, 72 young (73728K), 10 survivors (10240K)
 Metaspace       used 112197K, committed 115072K, reserved 552960K
  class space    used 15303K, committed 16704K, reserved 421888K
}
Event: 99.200 GC heap after
{Heap after GC invocations=57 (full 0):
 garbage-first heap   total 422912K, used 295727K [0x0000000080000000, 0x0000000100000000)
  region size 1024K, 7 young (7168K), 7 survivors (7168K)
 Metaspace       used 112197K, committed 115072K, reserved 552960K
  class space    used 15303K, committed 16704K, reserved 421888K
}
Event: 99.905 GC heap before
{Heap before GC invocations=57 (full 0):
 garbage-first heap   total 422912K, used 355119K [0x0000000080000000, 0x0000000100000000)
  region size 1024K, 66 young (67584K), 7 survivors (7168K)
 Metaspace       used 112458K, committed 115328K, reserved 552960K
  class space    used 15306K, committed 16704K, reserved 421888K
}
Event: 99.916 GC heap after
{Heap after GC invocations=58 (full 0):
 garbage-first heap   total 422912K, used 298078K [0x0000000080000000, 0x0000000100000000)
  region size 1024K, 3 young (3072K), 3 survivors (3072K)
 Metaspace       used 112458K, committed 115328K, reserved 552960K
  class space    used 15306K, committed 16704K, reserved 421888K
}
Event: 100.719 GC heap before
{Heap before GC invocations=58 (full 0):
 garbage-first heap   total 422912K, used 357470K [0x0000000080000000, 0x0000000100000000)
  region size 1024K, 62 young (63488K), 3 survivors (3072K)
 Metaspace       used 112737K, committed 115648K, reserved 552960K
  class space    used 15360K, committed 16768K, reserved 421888K
}
Event: 100.728 GC heap after
{Heap after GC invocations=59 (full 0):
 garbage-first heap   total 422912K, used 303326K [0x0000000080000000, 0x0000000100000000)
  region size 1024K, 8 young (8192K), 8 survivors (8192K)
 Metaspace       used 112737K, committed 115648K, reserved 552960K
  class space    used 15360K, committed 16768K, reserved 421888K
}
Event: 101.561 GC heap before
{Heap before GC invocations=59 (full 0):
 garbage-first heap   total 422912K, used 363742K [0x0000000080000000, 0x0000000100000000)
  region size 1024K, 64 young (65536K), 8 survivors (8192K)
 Metaspace       used 112800K, committed 115712K, reserved 552960K
  class space    used 15360K, committed 16768K, reserved 421888K
}
Event: 101.573 GC heap after
{Heap after GC invocations=60 (full 0):
 garbage-first heap   total 422912K, used 307946K [0x0000000080000000, 0x0000000100000000)
  region size 1024K, 5 young (5120K), 5 survivors (5120K)
 Metaspace       used 112800K, committed 115712K, reserved 552960K
  class space    used 15360K, committed 16768K, reserved 421888K
}
Event: 102.441 GC heap before
{Heap before GC invocations=60 (full 0):
 garbage-first heap   total 422912K, used 365290K [0x0000000080000000, 0x0000000100000000)
  region size 1024K, 58 young (59392K), 5 survivors (5120K)
 Metaspace       used 112939K, committed 115840K, reserved 552960K
  class space    used 15365K, committed 16768K, reserved 421888K
}
Event: 102.454 GC heap after
{Heap after GC invocations=61 (full 0):
 garbage-first heap   total 422912K, used 311862K [0x0000000080000000, 0x0000000100000000)
  region size 1024K, 4 young (4096K), 4 survivors (4096K)
 Metaspace       used 112939K, committed 115840K, reserved 552960K
  class space    used 15365K, committed 16768K, reserved 421888K
}
Event: 103.238 GC heap before
{Heap before GC invocations=61 (full 0):
 garbage-first heap   total 422912K, used 371254K [0x0000000080000000, 0x0000000100000000)
  region size 1024K, 55 young (56320K), 4 survivors (4096K)
 Metaspace       used 113043K, committed 115904K, reserved 552960K
  class space    used 15367K, committed 16768K, reserved 421888K
}
Event: 103.249 GC heap after
{Heap after GC invocations=62 (full 0):
 garbage-first heap   total 422912K, used 317004K [0x0000000080000000, 0x0000000100000000)
  region size 1024K, 5 young (5120K), 5 survivors (5120K)
 Metaspace       used 113043K, committed 115904K, reserved 552960K
  class space    used 15367K, committed 16768K, reserved 421888K
}
Event: 103.560 GC heap before
{Heap before GC invocations=62 (full 0):
 garbage-first heap   total 422912K, used 351820K [0x0000000080000000, 0x0000000100000000)
  region size 1024K, 35 young (35840K), 5 survivors (5120K)
 Metaspace       used 113096K, committed 115968K, reserved 552960K
  class space    used 15375K, committed 16768K, reserved 421888K
}
Event: 103.576 GC heap after
{Heap after GC invocations=63 (full 0):
 garbage-first heap   total 422912K, used 320794K [0x0000000080000000, 0x0000000100000000)
  region size 1024K, 2 young (2048K), 2 survivors (2048K)
 Metaspace       used 113096K, committed 115968K, reserved 552960K
  class space    used 15375K, committed 16768K, reserved 421888K
}

