# JRE version: Java(TM) SE Runtime Environment (19.0.2+7) (build 19.0.2+7-44)
# Java VM: Java HotSpot(TM) 64-Bit Server VM (19.0.2+7-44, mixed mode, sharing, tiered, compressed oops, compressed class ptrs, g1 gc, windows-amd64)
GC Precious Log:
 CardTable entry size: 512
 Card Set container configuration: InlinePtr #cards 5 size 8 Array Of Cards #cards 12 size 40 Howl #buckets 4 coarsen threshold 1843 Howl Bitmap #cards 512 size 80 coarsen threshold 460 Card regions per heap region 1 cards per card region 2048
 CPUs: 4 total, 4 available
 Memory: 16277M
 Large Page Support: Disabled
 NUMA Support: Disabled
 Compressed Oops: Enabled (32-bit)
 Heap Region Size: 1M
 Heap Min Capacity: 8M
 Heap Initial Capacity: 256M
 Heap Max Capacity: 2G
 Pre-touch: Disabled
 Parallel Workers: 4
 Concurrent Workers: 1
 Concurrent Refinement Workers: 4
 Periodic GC: Disabled
Heap:
 garbage-first heap   total 416768K, used 356824K [0x0000000080000000, 0x0000000100000000)
  region size 1024K, 31 young (31744K), 7 survivors (7168K)
 Metaspace       used 131200K, committed 134208K, reserved 552960K
  class space    used 17331K, committed 18816K, reserved 421888K
GC Heap History (20 events):
Event: 155.393 GC heap before
{Heap before GC invocations=75 (full 0):
 garbage-first heap   total 416768K, used 351612K [0x0000000080000000, 0x0000000100000000)
  region size 1024K, 63 young (64512K), 8 survivors (8192K)
 Metaspace       used 126326K, committed 129344K, reserved 552960K
  class space    used 16921K, committed 18432K, reserved 421888K
}
Event: 155.414 GC heap after
{Heap after GC invocations=76 (full 0):
 garbage-first heap   total 416768K, used 301962K [0x0000000080000000, 0x0000000100000000)
  region size 1024K, 6 young (6144K), 6 survivors (6144K)
 Metaspace       used 126326K, committed 129344K, reserved 552960K
  class space    used 16921K, committed 18432K, reserved 421888K
}
Event: 155.928 GC heap before
{Heap before GC invocations=76 (full 0):
 garbage-first heap   total 416768K, used 352138K [0x0000000080000000, 0x0000000100000000)
  region size 1024K, 56 young (57344K), 6 survivors (6144K)
 Metaspace       used 126327K, committed 129344K, reserved 552960K
  class space    used 16921K, committed 18432K, reserved 421888K
}
Event: 155.943 GC heap after
{Heap after GC invocations=77 (full 0):
 garbage-first heap   total 416768K, used 302956K [0x0000000080000000, 0x0000000100000000)
  region size 1024K, 1 young (1024K), 1 survivors (1024K)
 Metaspace       used 126327K, committed 129344K, reserved 552960K
  class space    used 16921K, committed 18432K, reserved 421888K
}
Event: 156.550 GC heap before
{Heap before GC invocations=77 (full 0):
 garbage-first heap   total 416768K, used 357228K [0x0000000080000000, 0x0000000100000000)
  region size 1024K, 54 young (55296K), 1 survivors (1024K)
 Metaspace       used 126327K, committed 129344K, reserved 552960K
  class space    used 16921K, committed 18432K, reserved 421888K
}
Event: 156.553 GC heap after
{Heap after GC invocations=78 (full 0):
 garbage-first heap   total 416768K, used 303683K [0x0000000080000000, 0x0000000100000000)
  region size 1024K, 2 young (2048K), 2 survivors (2048K)
 Metaspace       used 126327K, committed 129344K, reserved 552960K
  class space    used 16921K, committed 18432K, reserved 421888K
}
Event: 158.536 GC heap before
{Heap before GC invocations=78 (full 0):
 garbage-first heap   total 416768K, used 358979K [0x0000000080000000, 0x0000000100000000)
  region size 1024K, 57 young (58368K), 2 survivors (2048K)
 Metaspace       used 126410K, committed 129408K, reserved 552960K
  class space    used 16927K, committed 18432K, reserved 421888K
}
Event: 158.543 GC heap after
{Heap after GC invocations=79 (full 0):
 garbage-first heap   total 416768K, used 302841K [0x0000000080000000, 0x0000000100000000)
  region size 1024K, 3 young (3072K), 3 survivors (3072K)
 Metaspace       used 126410K, committed 129408K, reserved 552960K
  class space    used 16927K, committed 18432K, reserved 421888K
}
Event: 165.915 GC heap before
{Heap before GC invocations=79 (full 0):
 garbage-first heap   total 416768K, used 366329K [0x0000000080000000, 0x0000000100000000)
  region size 1024K, 61 young (62464K), 3 survivors (3072K)
 Metaspace       used 127679K, committed 130752K, reserved 552960K
  class space    used 17006K, committed 18496K, reserved 421888K
}
Event: 165.929 GC heap after
{Heap after GC invocations=80 (full 0):
 garbage-first heap   total 416768K, used 305063K [0x0000000080000000, 0x0000000100000000)
  region size 1024K, 5 young (5120K), 5 survivors (5120K)
 Metaspace       used 127679K, committed 130752K, reserved 552960K
  class space    used 17006K, committed 18496K, reserved 421888K
}
Event: 171.159 GC heap before
{Heap before GC invocations=80 (full 0):
 garbage-first heap   total 416768K, used 362407K [0x0000000080000000, 0x0000000100000000)
  region size 1024K, 62 young (63488K), 5 survivors (5120K)
 Metaspace       used 129143K, committed 132224K, reserved 552960K
  class space    used 17176K, committed 18688K, reserved 421888K
}
Event: 171.170 GC heap after
{Heap after GC invocations=81 (full 0):
 garbage-first heap   total 416768K, used 309646K [0x0000000080000000, 0x0000000100000000)
  region size 1024K, 8 young (8192K), 8 survivors (8192K)
 Metaspace       used 129143K, committed 132224K, reserved 552960K
  class space    used 17176K, committed 18688K, reserved 421888K
}
Event: 172.564 GC heap before
{Heap before GC invocations=81 (full 0):
 garbage-first heap   total 416768K, used 365966K [0x0000000080000000, 0x0000000100000000)
  region size 1024K, 60 young (61440K), 8 survivors (8192K)
 Metaspace       used 129183K, committed 132224K, reserved 552960K
  class space    used 17176K, committed 18688K, reserved 421888K
}
Event: 172.581 GC heap after
{Heap after GC invocations=82 (full 0):
 garbage-first heap   total 416768K, used 314368K [0x0000000080000000, 0x0000000100000000)
  region size 1024K, 5 young (5120K), 5 survivors (5120K)
 Metaspace       used 129183K, committed 132224K, reserved 552960K
  class space    used 17176K, committed 18688K, reserved 421888K
}
Event: 174.572 GC heap before
{Heap before GC invocations=82 (full 0):
 garbage-first heap   total 416768K, used 362496K [0x0000000080000000, 0x0000000100000000)
  region size 1024K, 53 young (54272K), 5 survivors (5120K)
 Metaspace       used 130625K, committed 133632K, reserved 552960K
  class space    used 17327K, committed 18816K, reserved 421888K
}
Event: 174.581 GC heap after
{Heap after GC invocations=83 (full 0):
 garbage-first heap   total 416768K, used 316666K [0x0000000080000000, 0x0000000100000000)
  region size 1024K, 3 young (3072K), 3 survivors (3072K)
 Metaspace       used 130625K, committed 133632K, reserved 552960K
  class space    used 17327K, committed 18816K, reserved 421888K
}
Event: 176.391 GC heap before
{Heap before GC invocations=83 (full 0):
 garbage-first heap   total 416768K, used 366842K [0x0000000080000000, 0x0000000100000000)
  region size 1024K, 49 young (50176K), 3 survivors (3072K)
 Metaspace       used 131029K, committed 134080K, reserved 552960K
  class space    used 17331K, committed 18816K, reserved 421888K
}
Event: 176.399 GC heap after
{Heap after GC invocations=84 (full 0):
 garbage-first heap   total 416768K, used 319388K [0x0000000080000000, 0x0000000100000000)
  region size 1024K, 5 young (5120K), 5 survivors (5120K)
 Metaspace       used 131029K, committed 134080K, reserved 552960K
  class space    used 17331K, committed 18816K, reserved 421888K
}
Event: 177.476 GC heap before
{Heap before GC invocations=84 (full 0):
 garbage-first heap   total 416768K, used 351132K [0x0000000080000000, 0x0000000100000000)
  region size 1024K, 31 young (31744K), 5 survivors (5120K)
 Metaspace       used 131188K, committed 134208K, reserved 552960K
  class space    used 17331K, committed 18816K, reserved 421888K
}
Event: 177.499 GC heap after
{Heap after GC invocations=85 (full 0):
 garbage-first heap   total 416768K, used 331224K [0x0000000080000000, 0x0000000100000000)
  region size 1024K, 7 young (7168K), 7 survivors (7168K)
 Metaspace       used 131188K, committed 134208K, reserved 552960K
  class space    used 17331K, committed 18816K, reserved 421888K
}

